This is pdfTeX, Version 3.14159265-2.6-1.40.21 (MiKTeX 2.9.7420 64-bit) (preloaded format=pdflatex 2020.5.13)  4 SEP 2020 12:12
entering extended mode
**./main.tex
(main.tex
LaTeX2e <2020-02-02> patch level 5
L3 programming layer <2020-05-11> (notes.cls
Document Class: notes 2019/05/26 My custom notes

("C:\Users\Nicolas Hornek\AppData\Local\Programs\MiKTeX 2.9\tex/latex/base\repo
rt.cls"
Document Class: report 2019/12/20 v1.4l Standard LaTeX document class

("C:\Users\Nicolas Hornek\AppData\Local\Programs\MiKTeX 2.9\tex/latex/base\size
11.clo"
File: size11.clo 2019/12/20 v1.4l Standard LaTeX file (size option)
)
\c@part=\count167
\c@chapter=\count168
\c@section=\count169
\c@subsection=\count170
\c@subsubsection=\count171
\c@paragraph=\count172
\c@subparagraph=\count173
\c@figure=\count174
\c@table=\count175
\abovecaptionskip=\skip47
\belowcaptionskip=\skip48
\bibindent=\dimen134
)
("C:\Users\Nicolas Hornek\AppData\Local\Programs\MiKTeX 2.9\tex/latex/pgf/utili
ties\pgfpages.sty"
Package: pgfpages 2011/01/05 ver 0.02

("C:\Users\Nicolas Hornek\AppData\Local\Programs\MiKTeX 2.9\tex/latex/pgf/basic
layer\pgfcore.sty"
("C:\Users\Nicolas Hornek\AppData\Local\Programs\MiKTeX 2.9\tex/latex/graphics\
graphicx.sty"
Package: graphicx 2019/11/30 v1.2a Enhanced LaTeX Graphics (DPC,SPQR)

("C:\Users\Nicolas Hornek\AppData\Local\Programs\MiKTeX 2.9\tex/latex/graphics\
keyval.sty"
Package: keyval 2014/10/28 v1.15 key=value parser (DPC)
\KV@toks@=\toks15
)
("C:\Users\Nicolas Hornek\AppData\Local\Programs\MiKTeX 2.9\tex/latex/graphics\
graphics.sty"
Package: graphics 2019/11/30 v1.4a Standard LaTeX Graphics (DPC,SPQR)

("C:\Users\Nicolas Hornek\AppData\Local\Programs\MiKTeX 2.9\tex/latex/graphics\
trig.sty"
Package: trig 2016/01/03 v1.10 sin cos tan (DPC)
)
("C:\Users\Nicolas Hornek\AppData\Local\Programs\MiKTeX 2.9\tex/latex/graphics-
cfg\graphics.cfg"
File: graphics.cfg 2016/06/04 v1.11 sample graphics configuration
)
Package graphics Info: Driver file: pdftex.def on input line 105.

("C:\Users\Nicolas Hornek\AppData\Local\Programs\MiKTeX 2.9\tex/latex/graphics-
def\pdftex.def"
File: pdftex.def 2018/01/08 v1.0l Graphics/color driver for pdftex
))
\Gin@req@height=\dimen135
\Gin@req@width=\dimen136
)
("C:\Users\Nicolas Hornek\AppData\Local\Programs\MiKTeX 2.9\tex/latex/pgf/syste
mlayer\pgfsys.sty"
("C:\Users\Nicolas Hornek\AppData\Local\Programs\MiKTeX 2.9\tex/latex/pgf/utili
ties\pgfrcs.sty"
("C:\Users\Nicolas Hornek\AppData\Local\Programs\MiKTeX 2.9\tex/generic/pgf/uti
lities\pgfutil-common.tex"
\pgfutil@everybye=\toks16
\pgfutil@tempdima=\dimen137
\pgfutil@tempdimb=\dimen138

("C:\Users\Nicolas Hornek\AppData\Local\Programs\MiKTeX 2.9\tex/generic/pgf/uti
lities\pgfutil-common-lists.tex"))
("C:\Users\Nicolas Hornek\AppData\Local\Programs\MiKTeX 2.9\tex/generic/pgf/uti
lities\pgfutil-latex.def"
\pgfutil@abb=\box45

("C:\Users\Nicolas Hornek\AppData\Local\Programs\MiKTeX 2.9\tex/latex/ms\everys
hi.sty"
Package: everyshi 2001/05/15 v3.00 EveryShipout Package (MS)
))
("C:\Users\Nicolas Hornek\AppData\Local\Programs\MiKTeX 2.9\tex/generic/pgf/uti
lities\pgfrcs.code.tex"
("C:\Users\Nicolas Hornek\AppData\Local\Programs\MiKTeX 2.9\tex/generic/pgf\pgf
.revision.tex")
Package: pgfrcs 2020/01/08 v3.1.5b (3.1.5b)
))
("C:\Users\Nicolas Hornek\AppData\Local\Programs\MiKTeX 2.9\tex/generic/pgf/sys
temlayer\pgfsys.code.tex"
Package: pgfsys 2020/01/08 v3.1.5b (3.1.5b)

("C:\Users\Nicolas Hornek\AppData\Local\Programs\MiKTeX 2.9\tex/generic/pgf/uti
lities\pgfkeys.code.tex"
\pgfkeys@pathtoks=\toks17
\pgfkeys@temptoks=\toks18

("C:\Users\Nicolas Hornek\AppData\Local\Programs\MiKTeX 2.9\tex/generic/pgf/uti
lities\pgfkeysfiltered.code.tex"
\pgfkeys@tmptoks=\toks19
))
\pgf@x=\dimen139
\pgf@y=\dimen140
\pgf@xa=\dimen141
\pgf@ya=\dimen142
\pgf@xb=\dimen143
\pgf@yb=\dimen144
\pgf@xc=\dimen145
\pgf@yc=\dimen146
\pgf@xd=\dimen147
\pgf@yd=\dimen148
\w@pgf@writea=\write3
\r@pgf@reada=\read2
\c@pgf@counta=\count176
\c@pgf@countb=\count177
\c@pgf@countc=\count178
\c@pgf@countd=\count179
\t@pgf@toka=\toks20
\t@pgf@tokb=\toks21
\t@pgf@tokc=\toks22
\pgf@sys@id@count=\count180

("C:\Users\Nicolas Hornek\AppData\Local\Programs\MiKTeX 2.9\tex/generic/pgf/sys
temlayer\pgf.cfg"
File: pgf.cfg 2020/01/08 v3.1.5b (3.1.5b)
)
Driver file for pgf: pgfsys-pdftex.def

("C:\Users\Nicolas Hornek\AppData\Local\Programs\MiKTeX 2.9\tex/generic/pgf/sys
temlayer\pgfsys-pdftex.def"
File: pgfsys-pdftex.def 2020/01/08 v3.1.5b (3.1.5b)

("C:\Users\Nicolas Hornek\AppData\Local\Programs\MiKTeX 2.9\tex/generic/pgf/sys
temlayer\pgfsys-common-pdf.def"
File: pgfsys-common-pdf.def 2020/01/08 v3.1.5b (3.1.5b)
)))
("C:\Users\Nicolas Hornek\AppData\Local\Programs\MiKTeX 2.9\tex/generic/pgf/sys
temlayer\pgfsyssoftpath.code.tex"
File: pgfsyssoftpath.code.tex 2020/01/08 v3.1.5b (3.1.5b)
\pgfsyssoftpath@smallbuffer@items=\count181
\pgfsyssoftpath@bigbuffer@items=\count182
)
("C:\Users\Nicolas Hornek\AppData\Local\Programs\MiKTeX 2.9\tex/generic/pgf/sys
temlayer\pgfsysprotocol.code.tex"
File: pgfsysprotocol.code.tex 2020/01/08 v3.1.5b (3.1.5b)
))
("C:\Users\Nicolas Hornek\AppData\Local\Programs\MiKTeX 2.9\tex/latex/xcolor\xc
olor.sty"
Package: xcolor 2016/05/11 v2.12 LaTeX color extensions (UK)

("C:\Users\Nicolas Hornek\AppData\Local\Programs\MiKTeX 2.9\tex/latex/graphics-
cfg\color.cfg"
File: color.cfg 2016/01/02 v1.6 sample color configuration
)
Package xcolor Info: Driver file: pdftex.def on input line 225.
Package xcolor Info: Model `cmy' substituted by `cmy0' on input line 1348.
Package xcolor Info: Model `hsb' substituted by `rgb' on input line 1352.
Package xcolor Info: Model `RGB' extended on input line 1364.
Package xcolor Info: Model `HTML' substituted by `rgb' on input line 1366.
Package xcolor Info: Model `Hsb' substituted by `hsb' on input line 1367.
Package xcolor Info: Model `tHsb' substituted by `hsb' on input line 1368.
Package xcolor Info: Model `HSB' substituted by `hsb' on input line 1369.
Package xcolor Info: Model `Gray' substituted by `gray' on input line 1370.
Package xcolor Info: Model `wave' substituted by `hsb' on input line 1371.
)
("C:\Users\Nicolas Hornek\AppData\Local\Programs\MiKTeX 2.9\tex/generic/pgf/bas
iclayer\pgfcore.code.tex"
Package: pgfcore 2020/01/08 v3.1.5b (3.1.5b)

("C:\Users\Nicolas Hornek\AppData\Local\Programs\MiKTeX 2.9\tex/generic/pgf/mat
h\pgfmath.code.tex"
("C:\Users\Nicolas Hornek\AppData\Local\Programs\MiKTeX 2.9\tex/generic/pgf/mat
h\pgfmathcalc.code.tex"
("C:\Users\Nicolas Hornek\AppData\Local\Programs\MiKTeX 2.9\tex/generic/pgf/mat
h\pgfmathutil.code.tex")
("C:\Users\Nicolas Hornek\AppData\Local\Programs\MiKTeX 2.9\tex/generic/pgf/mat
h\pgfmathparser.code.tex"
\pgfmath@dimen=\dimen149
\pgfmath@count=\count183
\pgfmath@box=\box46
\pgfmath@toks=\toks23
\pgfmath@stack@operand=\toks24
\pgfmath@stack@operation=\toks25
)
("C:\Users\Nicolas Hornek\AppData\Local\Programs\MiKTeX 2.9\tex/generic/pgf/mat
h\pgfmathfunctions.code.tex"
("C:\Users\Nicolas Hornek\AppData\Local\Programs\MiKTeX 2.9\tex/generic/pgf/mat
h\pgfmathfunctions.basic.code.tex")
("C:\Users\Nicolas Hornek\AppData\Local\Programs\MiKTeX 2.9\tex/generic/pgf/mat
h\pgfmathfunctions.trigonometric.code.tex")
("C:\Users\Nicolas Hornek\AppData\Local\Programs\MiKTeX 2.9\tex/generic/pgf/mat
h\pgfmathfunctions.random.code.tex")
("C:\Users\Nicolas Hornek\AppData\Local\Programs\MiKTeX 2.9\tex/generic/pgf/mat
h\pgfmathfunctions.comparison.code.tex")
("C:\Users\Nicolas Hornek\AppData\Local\Programs\MiKTeX 2.9\tex/generic/pgf/mat
h\pgfmathfunctions.base.code.tex")
("C:\Users\Nicolas Hornek\AppData\Local\Programs\MiKTeX 2.9\tex/generic/pgf/mat
h\pgfmathfunctions.round.code.tex")
("C:\Users\Nicolas Hornek\AppData\Local\Programs\MiKTeX 2.9\tex/generic/pgf/mat
h\pgfmathfunctions.misc.code.tex")
("C:\Users\Nicolas Hornek\AppData\Local\Programs\MiKTeX 2.9\tex/generic/pgf/mat
h\pgfmathfunctions.integerarithmetics.code.tex")))
("C:\Users\Nicolas Hornek\AppData\Local\Programs\MiKTeX 2.9\tex/generic/pgf/mat
h\pgfmathfloat.code.tex"
\c@pgfmathroundto@lastzeros=\count184
))
("C:\Users\Nicolas Hornek\AppData\Local\Programs\MiKTeX 2.9\tex/generic/pgf/mat
h\pgfint.code.tex")
("C:\Users\Nicolas Hornek\AppData\Local\Programs\MiKTeX 2.9\tex/generic/pgf/bas
iclayer\pgfcorepoints.code.tex"
File: pgfcorepoints.code.tex 2020/01/08 v3.1.5b (3.1.5b)
\pgf@picminx=\dimen150
\pgf@picmaxx=\dimen151
\pgf@picminy=\dimen152
\pgf@picmaxy=\dimen153
\pgf@pathminx=\dimen154
\pgf@pathmaxx=\dimen155
\pgf@pathminy=\dimen156
\pgf@pathmaxy=\dimen157
\pgf@xx=\dimen158
\pgf@xy=\dimen159
\pgf@yx=\dimen160
\pgf@yy=\dimen161
\pgf@zx=\dimen162
\pgf@zy=\dimen163
)
("C:\Users\Nicolas Hornek\AppData\Local\Programs\MiKTeX 2.9\tex/generic/pgf/bas
iclayer\pgfcorepathconstruct.code.tex"
File: pgfcorepathconstruct.code.tex 2020/01/08 v3.1.5b (3.1.5b)
\pgf@path@lastx=\dimen164
\pgf@path@lasty=\dimen165
)
("C:\Users\Nicolas Hornek\AppData\Local\Programs\MiKTeX 2.9\tex/generic/pgf/bas
iclayer\pgfcorepathusage.code.tex"
File: pgfcorepathusage.code.tex 2020/01/08 v3.1.5b (3.1.5b)
\pgf@shorten@end@additional=\dimen166
\pgf@shorten@start@additional=\dimen167
)
("C:\Users\Nicolas Hornek\AppData\Local\Programs\MiKTeX 2.9\tex/generic/pgf/bas
iclayer\pgfcorescopes.code.tex"
File: pgfcorescopes.code.tex 2020/01/08 v3.1.5b (3.1.5b)
\pgfpic=\box47
\pgf@hbox=\box48
\pgf@layerbox@main=\box49
\pgf@picture@serial@count=\count185
)
("C:\Users\Nicolas Hornek\AppData\Local\Programs\MiKTeX 2.9\tex/generic/pgf/bas
iclayer\pgfcoregraphicstate.code.tex"
File: pgfcoregraphicstate.code.tex 2020/01/08 v3.1.5b (3.1.5b)
\pgflinewidth=\dimen168
)
("C:\Users\Nicolas Hornek\AppData\Local\Programs\MiKTeX 2.9\tex/generic/pgf/bas
iclayer\pgfcoretransformations.code.tex"
File: pgfcoretransformations.code.tex 2020/01/08 v3.1.5b (3.1.5b)
\pgf@pt@x=\dimen169
\pgf@pt@y=\dimen170
\pgf@pt@temp=\dimen171
)
("C:\Users\Nicolas Hornek\AppData\Local\Programs\MiKTeX 2.9\tex/generic/pgf/bas
iclayer\pgfcorequick.code.tex"
File: pgfcorequick.code.tex 2020/01/08 v3.1.5b (3.1.5b)
)
("C:\Users\Nicolas Hornek\AppData\Local\Programs\MiKTeX 2.9\tex/generic/pgf/bas
iclayer\pgfcoreobjects.code.tex"
File: pgfcoreobjects.code.tex 2020/01/08 v3.1.5b (3.1.5b)
)
("C:\Users\Nicolas Hornek\AppData\Local\Programs\MiKTeX 2.9\tex/generic/pgf/bas
iclayer\pgfcorepathprocessing.code.tex"
File: pgfcorepathprocessing.code.tex 2020/01/08 v3.1.5b (3.1.5b)
)
("C:\Users\Nicolas Hornek\AppData\Local\Programs\MiKTeX 2.9\tex/generic/pgf/bas
iclayer\pgfcorearrows.code.tex"
File: pgfcorearrows.code.tex 2020/01/08 v3.1.5b (3.1.5b)
\pgfarrowsep=\dimen172
)
("C:\Users\Nicolas Hornek\AppData\Local\Programs\MiKTeX 2.9\tex/generic/pgf/bas
iclayer\pgfcoreshade.code.tex"
File: pgfcoreshade.code.tex 2020/01/08 v3.1.5b (3.1.5b)
\pgf@max=\dimen173
\pgf@sys@shading@range@num=\count186
\pgf@shadingcount=\count187
)
("C:\Users\Nicolas Hornek\AppData\Local\Programs\MiKTeX 2.9\tex/generic/pgf/bas
iclayer\pgfcoreimage.code.tex"
File: pgfcoreimage.code.tex 2020/01/08 v3.1.5b (3.1.5b)

("C:\Users\Nicolas Hornek\AppData\Local\Programs\MiKTeX 2.9\tex/generic/pgf/bas
iclayer\pgfcoreexternal.code.tex"
File: pgfcoreexternal.code.tex 2020/01/08 v3.1.5b (3.1.5b)
\pgfexternal@startupbox=\box50
))
("C:\Users\Nicolas Hornek\AppData\Local\Programs\MiKTeX 2.9\tex/generic/pgf/bas
iclayer\pgfcorelayers.code.tex"
File: pgfcorelayers.code.tex 2020/01/08 v3.1.5b (3.1.5b)
)
("C:\Users\Nicolas Hornek\AppData\Local\Programs\MiKTeX 2.9\tex/generic/pgf/bas
iclayer\pgfcoretransparency.code.tex"
File: pgfcoretransparency.code.tex 2020/01/08 v3.1.5b (3.1.5b)
)
("C:\Users\Nicolas Hornek\AppData\Local\Programs\MiKTeX 2.9\tex/generic/pgf/bas
iclayer\pgfcorepatterns.code.tex"
File: pgfcorepatterns.code.tex 2020/01/08 v3.1.5b (3.1.5b)
)
("C:\Users\Nicolas Hornek\AppData\Local\Programs\MiKTeX 2.9\tex/generic/pgf/bas
iclayer\pgfcorerdf.code.tex"
File: pgfcorerdf.code.tex 2020/01/08 v3.1.5b (3.1.5b)
)))
("C:\Users\Nicolas Hornek\AppData\Local\Programs\MiKTeX 2.9\tex/latex/tools\cal
c.sty"
Package: calc 2017/05/25 v4.3 Infix arithmetic (KKT,FJ)
\calc@Acount=\count188
\calc@Bcount=\count189
\calc@Adimen=\dimen174
\calc@Bdimen=\dimen175
\calc@Askip=\skip49
\calc@Bskip=\skip50
LaTeX Info: Redefining \setlength on input line 80.
LaTeX Info: Redefining \addtolength on input line 81.
\calc@Ccount=\count190
\calc@Cskip=\skip51
)
\pgf@logicalpages=\count191
\pgf@firstshipout=\count192
\pgf@lastshipout=\count193
\pgf@currentshipout=\count194
\pgf@cpn=\count195
\pgf@shipoutnextto=\count196
\pgfphysicalheight=\dimen176
\pgfphysicalwidth=\dimen177
\pgfpages@shipoutbox=\box51
)
\pgfpages@box@1=\box52
\pgfpages@box@2=\box53

("C:\Users\Nicolas Hornek\AppData\Local\Programs\MiKTeX 2.9\tex/latex/geometry\
geometry.sty"
Package: geometry 2020/01/02 v5.9 Page Geometry

("C:\Users\Nicolas Hornek\AppData\Local\Programs\MiKTeX 2.9\tex/generic/iftex\i
fvtex.sty"
Package: ifvtex 2019/10/25 v1.7 ifvtex legacy package. Use iftex instead.

("C:\Users\Nicolas Hornek\AppData\Local\Programs\MiKTeX 2.9\tex/generic/iftex\i
ftex.sty"
Package: iftex 2020/03/06 v1.0d TeX engine tests
))
\Gm@cnth=\count197
\Gm@cntv=\count198
\c@Gm@tempcnt=\count199
\Gm@bindingoffset=\dimen178
\Gm@wd@mp=\dimen179
\Gm@odd@mp=\dimen180
\Gm@even@mp=\dimen181
\Gm@layoutwidth=\dimen182
\Gm@layoutheight=\dimen183
\Gm@layouthoffset=\dimen184
\Gm@layoutvoffset=\dimen185
\Gm@dimlist=\toks26

("C:\Users\Nicolas Hornek\AppData\Local\Programs\MiKTeX 2.9\tex/latex/geometry\
geometry.cfg"))
("C:\Users\Nicolas Hornek\AppData\Local\Programs\MiKTeX 2.9\tex/latex/base\inpu
tenc.sty"
Package: inputenc 2018/08/11 v1.3c Input encoding file
\inpenc@prehook=\toks27
\inpenc@posthook=\toks28

("C:\Users\Nicolas Hornek\AppData\Local\Programs\MiKTeX 2.9\tex/latex/base\ansi
new.def"
File: ansinew.def 2018/08/11 v1.3c Input encoding file
))
("C:\Users\Nicolas Hornek\AppData\Local\Programs\MiKTeX 2.9\tex/latex/base\font
enc.sty"
Package: fontenc 2020/02/11 v2.0o Standard LaTeX package
)
("C:\Users\Nicolas Hornek\AppData\Local\Programs\MiKTeX 2.9\tex/latex/amsfonts\
amssymb.sty"
Package: amssymb 2013/01/14 v3.01 AMS font symbols

("C:\Users\Nicolas Hornek\AppData\Local\Programs\MiKTeX 2.9\tex/latex/amsfonts\
amsfonts.sty"
Package: amsfonts 2013/01/14 v3.01 Basic AMSFonts support
\@emptytoks=\toks29
\symAMSa=\mathgroup4
\symAMSb=\mathgroup5
LaTeX Font Info:    Redeclaring math symbol \hbar on input line 98.
LaTeX Font Info:    Overwriting math alphabet `\mathfrak' in version `bold'
(Font)                  U/euf/m/n --> U/euf/b/n on input line 106.
))
("C:\Users\Nicolas Hornek\AppData\Local\Programs\MiKTeX 2.9\tex/latex/amsmath\a
msmath.sty"
Package: amsmath 2020/01/20 v2.17e AMS math features
\@mathmargin=\skip52

For additional information on amsmath, use the `?' option.

("C:\Users\Nicolas Hornek\AppData\Local\Programs\MiKTeX 2.9\tex/latex/amsmath\a
mstext.sty"
Package: amstext 2000/06/29 v2.01 AMS text

("C:\Users\Nicolas Hornek\AppData\Local\Programs\MiKTeX 2.9\tex/latex/amsmath\a
msgen.sty"
File: amsgen.sty 1999/11/30 v2.0 generic functions
\@emptytoks=\toks30
\ex@=\dimen186
))
("C:\Users\Nicolas Hornek\AppData\Local\Programs\MiKTeX 2.9\tex/latex/amsmath\a
msbsy.sty"
Package: amsbsy 1999/11/29 v1.2d Bold Symbols
\pmbraise@=\dimen187
)
("C:\Users\Nicolas Hornek\AppData\Local\Programs\MiKTeX 2.9\tex/latex/amsmath\a
msopn.sty"
Package: amsopn 2016/03/08 v2.02 operator names
)
\inf@bad=\count266
LaTeX Info: Redefining \frac on input line 227.
\uproot@=\count267
\leftroot@=\count268
LaTeX Info: Redefining \overline on input line 389.
\classnum@=\count269
\DOTSCASE@=\count270
LaTeX Info: Redefining \ldots on input line 486.
LaTeX Info: Redefining \dots on input line 489.
LaTeX Info: Redefining \cdots on input line 610.
\Mathstrutbox@=\box54
\strutbox@=\box55
\big@size=\dimen188
LaTeX Font Info:    Redeclaring font encoding OML on input line 733.
LaTeX Font Info:    Redeclaring font encoding OMS on input line 734.
\macc@depth=\count271
\c@MaxMatrixCols=\count272
\dotsspace@=\muskip16
\c@parentequation=\count273
\dspbrk@lvl=\count274
\tag@help=\toks31
\row@=\count275
\column@=\count276
\maxfields@=\count277
\andhelp@=\toks32
\eqnshift@=\dimen189
\alignsep@=\dimen190
\tagshift@=\dimen191
\tagwidth@=\dimen192
\totwidth@=\dimen193
\lineht@=\dimen194
\@envbody=\toks33
\multlinegap=\skip53
\multlinetaggap=\skip54
\mathdisplay@stack=\toks34
LaTeX Info: Redefining \[ on input line 2859.
LaTeX Info: Redefining \] on input line 2860.
)
("C:\Users\Nicolas Hornek\AppData\Local\Programs\MiKTeX 2.9\tex/latex/ulem\ulem
.sty"
\UL@box=\box56
\UL@hyphenbox=\box57
\UL@skip=\skip55
\UL@hook=\toks35
\UL@height=\dimen195
\UL@pe=\count278
\UL@pixel=\dimen196
\ULC@box=\box58
Package: ulem 2019/11/18
\ULdepth=\dimen197
)
("C:\Users\Nicolas Hornek\AppData\Local\Programs\MiKTeX 2.9\tex/latex/amscls\am
sthm.sty"
Package: amsthm 2017/10/31 v2.20.4
\thm@style=\toks36
\thm@bodyfont=\toks37
\thm@headfont=\toks38
\thm@notefont=\toks39
\thm@headpunct=\toks40
\thm@preskip=\skip56
\thm@postskip=\skip57
\thm@headsep=\skip58
\dth@everypar=\toks41
)
("C:\Users\Nicolas Hornek\AppData\Local\Programs\MiKTeX 2.9\tex/latex/base\late
xsym.sty"
Package: latexsym 1998/08/17 v2.2e Standard LaTeX package (lasy symbols)
\symlasy=\mathgroup6
LaTeX Font Info:    Overwriting symbol font `lasy' in version `bold'
(Font)                  U/lasy/m/n --> U/lasy/b/n on input line 52.
)
("C:\Users\Nicolas Hornek\AppData\Local\Programs\MiKTeX 2.9\tex/latex/graphics\
epsfig.sty"
Package: epsfig 2017/06/25 v1.7b (e)psfig emulation (SPQR)
\epsfxsize=\dimen198
\epsfysize=\dimen199
)
("C:\Users\Nicolas Hornek\AppData\Local\Programs\MiKTeX 2.9\tex/latex/tools\bm.
sty"
Package: bm 2019/07/24 v1.2d Bold Symbol Support (DPC/FMi)
\symboldoperators=\mathgroup7
\symboldletters=\mathgroup8
\symboldsymbols=\mathgroup9
\symboldlasy=\mathgroup10
LaTeX Font Info:    Redeclaring math alphabet \mathbf on input line 141.
LaTeX Info: Redefining \bm on input line 209.
)
("C:\Users\Nicolas Hornek\AppData\Local\Programs\MiKTeX 2.9\tex/latex/tools\xsp
ace.sty"
Package: xspace 2014/10/28 v1.13 Space after command names (DPC,MH)
)
("C:\Users\Nicolas Hornek\AppData\Local\Programs\MiKTeX 2.9\tex/latex/csquotes\
csquotes.sty"
Package: csquotes 2019-12-06 v5.2j context-sensitive quotations (JAW)

("C:\Users\Nicolas Hornek\AppData\Local\Programs\MiKTeX 2.9\tex/latex/etoolbox\
etoolbox.sty"
Package: etoolbox 2019/09/21 v2.5h e-TeX tools for LaTeX (JAW)
\etb@tempcnta=\count279
)
\csq@reset=\count280
\csq@gtype=\count281
\csq@glevel=\count282
\csq@qlevel=\count283
\csq@maxlvl=\count284
\csq@tshold=\count285
\csq@ltx@everypar=\toks42

("C:\Users\Nicolas Hornek\AppData\Local\Programs\MiKTeX 2.9\tex/latex/csquotes\
csquotes.def"
File: csquotes.def 2019-12-06 v5.2j csquotes generic definitions (JAW)
)
Package csquotes Info: Trying to load configuration file 'csquotes.cfg'...
Package csquotes Info: ... configuration file loaded successfully.

("C:\Users\Nicolas Hornek\AppData\Local\Programs\MiKTeX 2.9\tex/latex/csquotes\
csquotes.cfg"
File: csquotes.cfg 
))
("C:\Users\Nicolas Hornek\AppData\Local\Programs\MiKTeX 2.9\tex/latex/psnfss\ti
mes.sty"
Package: times 2020/03/25 PSNFSS-v9.3 (SPQR) 
)
("C:\Users\Nicolas Hornek\AppData\Local\Programs\MiKTeX 2.9\tex/latex/caption\c
aption.sty"
Package: caption 2020/05/10 v3.4j Customizing captions (AR)

("C:\Users\Nicolas Hornek\AppData\Local\Programs\MiKTeX 2.9\tex/latex/caption\c
aption3.sty"
Package: caption3 2020/05/10 v1.11 caption3 kernel (AR)
Package caption3 Info: TeX engine: e-TeX on input line 61.
\captionmargin=\dimen256
\captionmargin@=\dimen257
\captionwidth=\dimen258
\caption@tempdima=\dimen259
\caption@indent=\dimen260
\caption@parindent=\dimen261
\caption@hangindent=\dimen262
Package caption Info: Standard document class detected.
)
\c@caption@flags=\count286
\c@continuedfloat=\count287
)
("C:\Users\Nicolas Hornek\AppData\Local\Programs\MiKTeX 2.9\tex/latex/titlesec\
titlesec.sty"
Package: titlesec 2019/10/16 v2.13 Sectioning titles
\ttl@box=\box59
\beforetitleunit=\skip59
\aftertitleunit=\skip60
\ttl@plus=\dimen263
\ttl@minus=\dimen264
\ttl@toksa=\toks43
\titlewidth=\dimen265
\titlewidthlast=\dimen266
\titlewidthfirst=\dimen267
)
("C:\Users\Nicolas Hornek\AppData\Local\Programs\MiKTeX 2.9\tex/latex/tocloft\t
ocloft.sty"
Package: tocloft 2017/08/31 v2.3i parameterised ToC, etc., typesetting
Package tocloft Info: The document has chapter divisions on input line 51.
\cftparskip=\skip61
\cftbeforetoctitleskip=\skip62
\cftaftertoctitleskip=\skip63
\cftbeforepartskip=\skip64
\cftpartnumwidth=\skip65
\cftpartindent=\skip66
\cftbeforechapskip=\skip67
\cftchapindent=\skip68
\cftchapnumwidth=\skip69
\cftbeforesecskip=\skip70
\cftsecindent=\skip71
\cftsecnumwidth=\skip72
\cftbeforesubsecskip=\skip73
\cftsubsecindent=\skip74
\cftsubsecnumwidth=\skip75
\cftbeforesubsubsecskip=\skip76
\cftsubsubsecindent=\skip77
\cftsubsubsecnumwidth=\skip78
\cftbeforeparaskip=\skip79
\cftparaindent=\skip80
\cftparanumwidth=\skip81
\cftbeforesubparaskip=\skip82
\cftsubparaindent=\skip83
\cftsubparanumwidth=\skip84
\cftbeforeloftitleskip=\skip85
\cftafterloftitleskip=\skip86
\cftbeforefigskip=\skip87
\cftfigindent=\skip88
\cftfignumwidth=\skip89
\c@lofdepth=\count288
\c@lotdepth=\count289
\cftbeforelottitleskip=\skip90
\cftafterlottitleskip=\skip91
\cftbeforetabskip=\skip92
\cfttabindent=\skip93
\cfttabnumwidth=\skip94
)
("C:\Users\Nicolas Hornek\AppData\Local\Programs\MiKTeX 2.9\tex/latex/adjustbox
\adjustbox.sty"
Package: adjustbox 2019/01/04 v1.2 Adjusting TeX boxes (trim, clip, ...)

("C:\Users\Nicolas Hornek\AppData\Local\Programs\MiKTeX 2.9\tex/latex/xkeyval\x
keyval.sty"
Package: xkeyval 2014/12/03 v2.7a package option processing (HA)

("C:\Users\Nicolas Hornek\AppData\Local\Programs\MiKTeX 2.9\tex/generic/xkeyval
\xkeyval.tex"
("C:\Users\Nicolas Hornek\AppData\Local\Programs\MiKTeX 2.9\tex/generic/xkeyval
\xkvutils.tex"
\XKV@toks=\toks44
\XKV@tempa@toks=\toks45
)
\XKV@depth=\count290
File: xkeyval.tex 2014/12/03 v2.7a key=value parser (HA)
))
("C:\Users\Nicolas Hornek\AppData\Local\Programs\MiKTeX 2.9\tex/latex/adjustbox
\adjcalc.sty"
Package: adjcalc 2012/05/16 v1.1 Provides advanced setlength with multiple back
-ends (calc, etex, pgfmath)
)
("C:\Users\Nicolas Hornek\AppData\Local\Programs\MiKTeX 2.9\tex/latex/adjustbox
\trimclip.sty"
Package: trimclip 2018/04/08 v1.1 Trim and clip general TeX material

("C:\Users\Nicolas Hornek\AppData\Local\Programs\MiKTeX 2.9\tex/latex/collectbo
x\collectbox.sty"
Package: collectbox 2012/05/17 v0.4b Collect macro arguments as boxes
\collectedbox=\box60
)
\tc@llx=\dimen268
\tc@lly=\dimen269
\tc@urx=\dimen270
\tc@ury=\dimen271
Package trimclip Info: Using driver 'tc-pdftex.def'.

("C:\Users\Nicolas Hornek\AppData\Local\Programs\MiKTeX 2.9\tex/latex/adjustbox
\tc-pdftex.def"
File: tc-pdftex.def 2019/01/04 v2.2 Clipping driver for pdftex
))
\adjbox@Width=\dimen272
\adjbox@Height=\dimen273
\adjbox@Depth=\dimen274
\adjbox@Totalheight=\dimen275
\adjbox@pwidth=\dimen276
\adjbox@pheight=\dimen277
\adjbox@pdepth=\dimen278
\adjbox@ptotalheight=\dimen279

("C:\Users\Nicolas Hornek\AppData\Local\Programs\MiKTeX 2.9\tex/latex/ifoddpage
\ifoddpage.sty"
Package: ifoddpage 2016/04/23 v1.1 Conditionals for odd/even page detection
\c@checkoddpage=\count291
)
("C:\Users\Nicolas Hornek\AppData\Local\Programs\MiKTeX 2.9\tex/latex/varwidth\
varwidth.sty"
Package: varwidth 2009/03/30 ver 0.92;  Variable-width minipages
\@vwid@box=\box61
\sift@deathcycles=\count292
\@vwid@loff=\dimen280
\@vwid@roff=\dimen281
))
\c@myequations=\count293
\cftbeforemyequationsskip=\skip95
\cftmyequationsindent=\skip96
\cftmyequationsnumwidth=\skip97
\c@equdepth=\count294
\cftbeforeequtitleskip=\skip98
\cftafterequtitleskip=\skip99
\c@theorem=\count295
)
("C:\Users\Nicolas Hornek\AppData\Local\Programs\MiKTeX 2.9\tex/generic/babel\b
abel.sty"
Package: babel 2020/04/28 3.43 The Babel package

("C:\Users\Nicolas Hornek\AppData\Local\Programs\MiKTeX 2.9\tex/generic/babel\b
abel.def"
File: babel.def 2020/04/28 3.43 Babel common definitions
\babel@savecnt=\count296
\U@D=\dimen282

("C:\Users\Nicolas Hornek\AppData\Local\Programs\MiKTeX 2.9\tex/generic/babel\t
xtbabel.def")
\bbl@readstream=\read3
)
\bbl@dirlevel=\count297

*************************************
* Local config file bblopts.cfg used
*

("C:\Users\Nicolas Hornek\AppData\Local\Programs\MiKTeX 2.9\tex/latex/arabi\bbl
opts.cfg"
File: bblopts.cfg 2005/09/08 v0.1 add Arabic and Farsi to "declared" options of
 babel
)
("C:\Users\Nicolas Hornek\AppData\Local\Programs\MiKTeX 2.9\tex/latex/babel-ger
man\ngerman.ldf"
Language: ngerman 2018/12/08 v2.11 German support for babel (post-1996 orthogra
phy)

("C:\Users\Nicolas Hornek\AppData\Local\Programs\MiKTeX 2.9\tex/latex/babel-ger
man\ngermanb.ldf"
Language: ngermanb 2018/12/08 v2.11 German support for babel (post-1996 orthogr
aphy)
Package babel Info: Making " an active character on input line 121.
)))
Package csquotes Info: Checking for multilingual support...
Package csquotes Info: ... found 'babel' package.
Package csquotes Info: Adjusting default style.
Package csquotes Info: Redefining alias 'default' -> 'ngerman'.

("C:\Users\Nicolas Hornek\AppData\Local\Programs\MiKTeX 2.9\tex/latex/l3backend
\l3backend-pdfmode.def"
File: l3backend-pdfmode.def 2020-05-05 L3 backend support: PDF mode
\l__kernel_color_stack_int=\count298
\l__pdf_internal_box=\box62
) (main.aux)
\openout1 = `main.aux'.

LaTeX Font Info:    Checking defaults for OML/cmm/m/it on input line 5.
LaTeX Font Info:    ... okay on input line 5.
LaTeX Font Info:    Checking defaults for OMS/cmsy/m/n on input line 5.
LaTeX Font Info:    ... okay on input line 5.
LaTeX Font Info:    Checking defaults for OT1/cmr/m/n on input line 5.
LaTeX Font Info:    ... okay on input line 5.
LaTeX Font Info:    Checking defaults for T1/cmr/m/n on input line 5.
LaTeX Font Info:    ... okay on input line 5.
LaTeX Font Info:    Checking defaults for TS1/cmr/m/n on input line 5.
LaTeX Font Info:    ... okay on input line 5.
LaTeX Font Info:    Checking defaults for OMX/cmex/m/n on input line 5.
LaTeX Font Info:    ... okay on input line 5.
LaTeX Font Info:    Checking defaults for U/cmr/m/n on input line 5.
LaTeX Font Info:    ... okay on input line 5.
LaTeX Font Info:    Trying to load font information for T1+ptm on input line 5.


("C:\Users\Nicolas Hornek\AppData\Local\Programs\MiKTeX 2.9\tex/latex/psnfss\t1
ptm.fd"
File: t1ptm.fd 2001/06/04 font definitions for T1/ptm.
)
("C:\Users\Nicolas Hornek\AppData\Local\Programs\MiKTeX 2.9\tex/context/base/mk
ii\supp-pdf.mkii"
[Loading MPS to PDF converter (version 2006.09.02).]
\scratchcounter=\count299
\scratchdimen=\dimen283
\scratchbox=\box63
\nofMPsegments=\count300
\nofMParguments=\count301
\everyMPshowfont=\toks46
\MPscratchCnt=\count302
\MPscratchDim=\dimen284
\MPnumerator=\count303
\makeMPintoPDFobject=\count304
\everyMPtoPDFconversion=\toks47
)
("C:\Users\Nicolas Hornek\AppData\Local\Programs\MiKTeX 2.9\tex/latex/epstopdf-
pkg\epstopdf-base.sty"
Package: epstopdf-base 2020-01-24 v2.11 Base part for package epstopdf

("C:\Users\Nicolas Hornek\AppData\Local\Programs\MiKTeX 2.9\tex/generic/infware
rr\infwarerr.sty"
Package: infwarerr 2019/12/03 v1.5 Providing info/warning/error messages (HO)
)
("C:\Users\Nicolas Hornek\AppData\Local\Programs\MiKTeX 2.9\tex/latex/grfext\gr
fext.sty"
Package: grfext 2019/12/03 v1.3 Manage graphics extensions (HO)

("C:\Users\Nicolas Hornek\AppData\Local\Programs\MiKTeX 2.9\tex/generic/kvdefin
ekeys\kvdefinekeys.sty"
Package: kvdefinekeys 2019-12-19 v1.6 Define keys (HO)
))
("C:\Users\Nicolas Hornek\AppData\Local\Programs\MiKTeX 2.9\tex/latex/kvoptions
\kvoptions.sty"
Package: kvoptions 2019/11/29 v3.13 Key value format for package options (HO)

("C:\Users\Nicolas Hornek\AppData\Local\Programs\MiKTeX 2.9\tex/generic/ltxcmds
\ltxcmds.sty"
Package: ltxcmds 2019/12/15 v1.24 LaTeX kernel commands for general use (HO)
)
("C:\Users\Nicolas Hornek\AppData\Local\Programs\MiKTeX 2.9\tex/generic/kvsetke
ys\kvsetkeys.sty"
Package: kvsetkeys 2019/12/15 v1.18 Key value parser (HO)
))
("C:\Users\Nicolas Hornek\AppData\Local\Programs\MiKTeX 2.9\tex/latex/pdftexcmd
s\pdftexcmds.sty"
Package: pdftexcmds 2019/11/24 v0.31 Utility functions of pdfTeX for LuaTeX (HO
)
Package pdftexcmds Info: \pdf@primitive is available.
Package pdftexcmds Info: \pdf@ifprimitive is available.
Package pdftexcmds Info: \pdfdraftmode found.
)
Package epstopdf-base Info: Redefining graphics rule for `.eps' on input line 4
85.
Package grfext Info: Graphics extension search list:
(grfext)             [.pdf,.png,.jpg,.mps,.jpeg,.jbig2,.jb2,.PDF,.PNG,.JPG,.JPE
G,.JBIG2,.JB2,.eps]
(grfext)             \AppendGraphicsExtensions on input line 504.
) ABD: EveryShipout initializing macros
*geometry* driver: auto-detecting
*geometry* detected driver: pdftex
*geometry* verbose mode - [ preamble ] result:
* driver: pdftex
* paper: <default>
* layout: <same size as paper>
* layoutoffset:(h,v)=(0.0pt,0.0pt)
* modes: 
* h-part:(L,W,R)=(14.22636pt, 392.64806pt, 14.22636pt)
* v-part:(T,H,B)=(14.22636pt, 569.05515pt, 14.22636pt)
* \paperwidth=421.10078pt
* \paperheight=597.50787pt
* \textwidth=392.64806pt
* \textheight=569.05515pt
* \oddsidemargin=-58.04362pt
* \evensidemargin=-58.04362pt
* \topmargin=-95.04362pt
* \headheight=12.0pt
* \headsep=25.0pt
* \topskip=11.0pt
* \footskip=30.0pt
* \marginparwidth=4.0pt
* \marginparsep=10.0pt
* \columnsep=10.0pt
* \skip\footins=10.0pt plus 4.0pt minus 2.0pt
* \hoffset=0.0pt
* \voffset=0.0pt
* \mag=1000
* \@twocolumnfalse
* \@twosidefalse
* \@mparswitchfalse
* \@reversemarginfalse
* (1in=72.27pt=25.4mm, 1cm=28.453pt)

Package caption Info: Begin \AtBeginDocument code.
Package caption Info: End \AtBeginDocument code.
(main.toc
LaTeX Font Info:    Trying to load font information for U+msa on input line 2.

("C:\Users\Nicolas Hornek\AppData\Local\Programs\MiKTeX 2.9\tex/latex/amsfonts\
umsa.fd"
File: umsa.fd 2013/01/14 v3.01 AMS symbols A
)
LaTeX Font Info:    Trying to load font information for U+msb on input line 2.

("C:\Users\Nicolas Hornek\AppData\Local\Programs\MiKTeX 2.9\tex/latex/amsfonts\
umsb.fd"
File: umsb.fd 2013/01/14 v3.01 AMS symbols B
)
LaTeX Font Info:    Trying to load font information for U+lasy on input line 2.


("C:\Users\Nicolas Hornek\AppData\Local\Programs\MiKTeX 2.9\tex/latex/base\ulas
y.fd"
File: ulasy.fd 1998/08/17 v2.2e LaTeX symbol font definitions
)
LaTeX Font Info:    Font shape `U/lasy/b/n' in size <8> not available
(Font)              Font shape `U/lasy/m/n' tried instead on input line 2.
LaTeX Font Info:    Font shape `U/lasy/b/n' in size <6> not available
(Font)              Font shape `U/lasy/m/n' tried instead on input line 2.
)
\tf@toc=\write4
\openout4 = `main.toc'.


Underfull \hbox (badness 10000) in paragraph at lines 19--25

 []

[2

{C:/Users/Nicolas Hornek/AppData/Local/MiKTeX/2.9/pdftex/config/pdftex.map}

]
(main.aux) ) 
Here is how much of TeX's memory you used:
 15827 strings out of 480811
 284812 string characters out of 2891958
 537246 words of memory out of 3000000
 31472 multiletter control sequences out of 15000+200000
 556491 words of font info for 67 fonts, out of 3000000 for 9000
 1141 hyphenation exceptions out of 8191
 60i,6n,60p,841b,248s stack positions out of 5000i,500n,10000p,200000b,50000s
{C:/Users/Nicolas Hornek/AppData/Local/Programs/MiKTeX 2.9/fonts/en
c/dvips/base/8r.enc}<C:/Users/Nicolas Hornek/AppData/Local/Programs/MiKTeX 2.9/
fonts/type1/public/amsfonts/cm/cmmi8.pfb><C:/Users/Nicolas Hornek/AppData/Local
/Programs/MiKTeX 2.9/fonts/type1/public/amsfonts/cm/cmsy10.pfb><C:/Users/Nicola
s Hornek/AppData/Local/Programs/MiKTeX 2.9/fonts/type1/urw/times/utmb8a.pfb><C:
/Users/Nicolas Hornek/AppData/Local/Programs/MiKTeX 2.9/fonts/type1/urw/times/u
tmr8a.pfb><C:/Users/Nicolas Hornek/AppData/Local/Programs/MiKTeX 2.9/fonts/type
1/urw/times/utmri8a.pfb>
Output written on main.pdf (1 page, 54859 bytes).
PDF statistics:
 30 PDF objects out of 1000 (max. 8388607)
 0 named destinations out of 1000 (max. 500000)
 13 words of extra memory for PDF output out of 10000 (max. 10000000)

